<?xml version="1.0" encoding="UTF-8"?>
<testng-results ignored="0" total="2" passed="2" failed="0" skipped="0">
  <reporter-output>
  </reporter-output>
  <suite started-at="2024-12-29T17:42:32 CST" name="Default suite" finished-at="2024-12-29T17:42:49 CST" duration-ms="16940">
    <groups>
    </groups>
    <test started-at="2024-12-29T17:42:32 CST" name="Default test" finished-at="2024-12-29T17:42:49 CST" duration-ms="16940">
      <class name="exercise2.QubikaSportsClub">
        <test-method is-config="true" signature="setup()[pri:0, instance:exercise2.QubikaSportsClub@229f66ed]" started-at="2024-12-29T17:42:32 CST" name="setup" finished-at="2024-12-29T17:42:37 CST" duration-ms="4405" status="PASS">
          <reporter-output>
          </reporter-output>
        </test-method> <!-- setup -->
        <test-method signature="registerUserApi()[pri:0, instance:exercise2.QubikaSportsClub@229f66ed]" started-at="2024-12-29T17:42:37 CST" name="registerUserApi" finished-at="2024-12-29T17:42:38 CST" duration-ms="817" status="PASS">
          <reporter-output>
          </reporter-output>
        </test-method> <!-- registerUserApi -->
        <test-method signature="loginValidation()[pri:0, instance:exercise2.QubikaSportsClub@229f66ed]" started-at="2024-12-29T17:42:38 CST" name="loginValidation" finished-at="2024-12-29T17:42:49 CST" depends-on-methods="exercise2.QubikaSportsClub.registerUserApi" duration-ms="11470" status="PASS">
          <reporter-output>
          </reporter-output>
        </test-method> <!-- loginValidation -->
        <test-method is-config="true" signature="tearDown()[pri:0, instance:exercise2.QubikaSportsClub@229f66ed]" started-at="2024-12-29T17:42:49 CST" name="tearDown" finished-at="2024-12-29T17:42:49 CST" duration-ms="219" status="PASS">
          <reporter-output>
          </reporter-output>
        </test-method> <!-- tearDown -->
      </class> <!-- exercise2.QubikaSportsClub -->
    </test> <!-- Default test -->
  </suite> <!-- Default suite -->
</testng-results>
